commit e19ac464b2e54703c33365029e9d3ce9f2505924
Author: Your Name <you@example.com>
Date:   Sat Apr 30 16:26:53 2016 -0400

    after run Sat 30 Apr 16:26:53 EDT 2016

commit 1e77935c00f3a3e7b4d3ef251454e637caba872f
Author: Your Name <you@example.com>
Date:   Sat Apr 30 16:26:48 2016 -0400

    after run Sat 30 Apr 16:26:48 EDT 2016

commit ed15402b6069c8a0098973366767554efc1fb676
Author: Your Name <you@example.com>
Date:   Sat Apr 30 16:26:43 2016 -0400

    missing file

commit 6c96f24c4c2976f41dd418b4433285b9ade66a03
Author: Your Name <you@example.com>
Date:   Sat Apr 30 16:25:00 2016 -0400

    my first recurrent script

commit 84e39538b59979a66a6194107000d038ea31664f
Author: Your Name <you@example.com>
Date:   Sat Apr 30 16:24:13 2016 -0400

    my first commit
